[2015-09-16 08:14:12] production.ERROR: exception 'PDOException' with message 'SQLSTATE[HY000] [1045] Accès refusé pour l'utilisateur: 'validau7_test'@'@localhost' (mot de passe: OUI)' in C:\wamp\www\validate\validateOldWebsiteTest\vendor\laravel\framework\src\Illuminate\Database\Connectors\Connector.php:47
Stack trace:
#0 C:\wamp\www\validate\validateOldWebsiteTest\vendor\laravel\framework\src\Illuminate\Database\Connectors\Connector.php(47): PDO->__construct('mysql:host=loca...', 'validau7_test', '5&oGwLTs+_*p', Array)
#1 C:\wamp\www\validate\validateOldWebsiteTest\vendor\laravel\framework\src\Illuminate\Database\Connectors\MySqlConnector.php(20): Illuminate\Database\Connectors\Connector->createConnection('mysql:host=loca...', Array, Array)
#2 C:\wamp\www\validate\validateOldWebsiteTest\vendor\laravel\framework\src\Illuminate\Database\Connectors\ConnectionFactory.php(57): Illuminate\Database\Connectors\MySqlConnector->connect(Array)
#3 C:\wamp\www\validate\validateOldWebsiteTest\vendor\laravel\framework\src\Illuminate\Database\Connectors\ConnectionFactory.php(46): Illuminate\Database\Connectors\ConnectionFactory->createSingleConnection(Array)
#4 C:\wamp\www\validate\validateOldWebsiteTest\vendor\laravel\framework\src\Illuminate\Database\DatabaseManager.php(176): Illuminate\Database\Connectors\ConnectionFactory->make(Array, 'mysql')
#5 C:\wamp\www\validate\validateOldWebsiteTest\vendor\laravel\framework\src\Illuminate\Database\DatabaseManager.php(64): Illuminate\Database\DatabaseManager->makeConnection('mysql')
#6 C:\wamp\www\validate\validateOldWebsiteTest\vendor\laravel\framework\src\Illuminate\Database\Eloquent\Model.php(2922): Illuminate\Database\DatabaseManager->connection(NULL)
#7 C:\wamp\www\validate\validateOldWebsiteTest\vendor\laravel\framework\src\Illuminate\Database\Eloquent\Model.php(2888): Illuminate\Database\Eloquent\Model::resolveConnection(NULL)
#8 C:\wamp\www\validate\validateOldWebsiteTest\vendor\laravel\framework\src\Illuminate\Database\Eloquent\Model.php(1849): Illuminate\Database\Eloquent\Model->getConnection()
#9 C:\wamp\www\validate\validateOldWebsiteTest\vendor\laravel\framework\src\Illuminate\Database\Eloquent\Model.php(1790): Illuminate\Database\Eloquent\Model->newBaseQueryBuilder()
#10 C:\wamp\www\validate\validateOldWebsiteTest\vendor\laravel\framework\src\Illuminate\Database\Eloquent\Model.php(1764): Illuminate\Database\Eloquent\Model->newQueryWithoutScopes()
#11 C:\wamp\www\validate\validateOldWebsiteTest\vendor\laravel\framework\src\Illuminate\Database\Eloquent\Model.php(3109): Illuminate\Database\Eloquent\Model->newQuery()
#12 [internal function]: Illuminate\Database\Eloquent\Model->__call('orderByRaw', Array)
#13 [internal function]: Merchant->orderByRaw('Rand()')
#14 C:\wamp\www\validate\validateOldWebsiteTest\vendor\laravel\framework\src\Illuminate\Database\Eloquent\Model.php(3125): call_user_func_array(Array, Array)
#15 C:\wamp\www\validate\validateOldWebsiteTest\app\controllers\UsersControllers\MerchantController.php(502): Illuminate\Database\Eloquent\Model::__callStatic('orderByRaw', Array)
#16 C:\wamp\www\validate\validateOldWebsiteTest\app\controllers\UsersControllers\MerchantController.php(502): Merchant::orderByRaw('Rand()')
#17 [internal function]: MerchantController->partners()
#18 C:\wamp\www\validate\validateOldWebsiteTest\vendor\laravel\framework\src\Illuminate\Routing\Controller.php(231): call_user_func_array(Array, Array)
#19 C:\wamp\www\validate\validateOldWebsiteTest\vendor\laravel\framework\src\Illuminate\Routing\ControllerDispatcher.php(93): Illuminate\Routing\Controller->callAction('partners', Array)
#20 C:\wamp\www\validate\validateOldWebsiteTest\vendor\laravel\framework\src\Illuminate\Routing\ControllerDispatcher.php(62): Illuminate\Routing\ControllerDispatcher->call(Object(MerchantController), Object(Illuminate\Routing\Route), 'partners')
#21 C:\wamp\www\validate\validateOldWebsiteTest\vendor\laravel\framework\src\Illuminate\Routing\Router.php(967): Illuminate\Routing\ControllerDispatcher->dispatch(Object(Illuminate\Routing\Route), Object(Illuminate\Http\Request), 'MerchantControl...', 'partners')
#22 [internal function]: Illuminate\Routing\Router->Illuminate\Routing\{closure}()
#23 C:\wamp\www\validate\validateOldWebsiteTest\vendor\laravel\framework\src\Illuminate\Routing\Route.php(109): call_user_func_array(Object(Closure), Array)
#24 C:\wamp\www\validate\validateOldWebsiteTest\vendor\laravel\framework\src\Illuminate\Routing\Router.php(1033): Illuminate\Routing\Route->run(Object(Illuminate\Http\Request))
#25 C:\wamp\www\validate\validateOldWebsiteTest\vendor\laravel\framework\src\Illuminate\Routing\Router.php(1001): Illuminate\Routing\Router->dispatchToRoute(Object(Illuminate\Http\Request))
#26 C:\wamp\www\validate\validateOldWebsiteTest\vendor\laravel\framework\src\Illuminate\Foundation\Application.php(775): Illuminate\Routing\Router->dispatch(Object(Illuminate\Http\Request))
#27 C:\wamp\www\validate\validateOldWebsiteTest\vendor\laravel\framework\src\Illuminate\Foundation\Application.php(745): Illuminate\Foundation\Application->dispatch(Object(Illuminate\Http\Request))
#28 C:\wamp\www\validate\validateOldWebsiteTest\vendor\laravel\framework\src\Illuminate\Session\Middleware.php(72): Illuminate\Foundation\Application->handle(Object(Illuminate\Http\Request), 1, true)
#29 C:\wamp\www\validate\validateOldWebsiteTest\vendor\laravel\framework\src\Illuminate\Cookie\Queue.php(47): Illuminate\Session\Middleware->handle(Object(Illuminate\Http\Request), 1, true)
#30 C:\wamp\www\validate\validateOldWebsiteTest\vendor\laravel\framework\src\Illuminate\Cookie\Guard.php(51): Illuminate\Cookie\Queue->handle(Object(Illuminate\Http\Request), 1, true)
#31 C:\wamp\www\validate\validateOldWebsiteTest\vendor\stack\builder\src\Stack\StackedHttpKernel.php(23): Illuminate\Cookie\Guard->handle(Object(Illuminate\Http\Request), 1, true)
#32 C:\wamp\www\validate\validateOldWebsiteTest\vendor\laravel\framework\src\Illuminate\Foundation\Application.php(641): Stack\StackedHttpKernel->handle(Object(Illuminate\Http\Request))
#33 C:\wamp\www\validate\validateOldWebsiteTest\public\index.php(50): Illuminate\Foundation\Application->run()
#34 {main} [] []
[2015-09-16 08:14:42] production.ERROR: exception 'PDOException' with message 'SQLSTATE[HY000] [1045] Accès refusé pour l'utilisateur: 'validau7_test'@'@localhost' (mot de passe: OUI)' in C:\wamp\www\validate\validateOldWebsiteTest\vendor\laravel\framework\src\Illuminate\Database\Connectors\Connector.php:47
Stack trace:
#0 C:\wamp\www\validate\validateOldWebsiteTest\vendor\laravel\framework\src\Illuminate\Database\Connectors\Connector.php(47): PDO->__construct('mysql:host=loca...', 'validau7_test', '5&oGwLTs+_*p', Array)
#1 C:\wamp\www\validate\validateOldWebsiteTest\vendor\laravel\framework\src\Illuminate\Database\Connectors\MySqlConnector.php(20): Illuminate\Database\Connectors\Connector->createConnection('mysql:host=loca...', Array, Array)
#2 C:\wamp\www\validate\validateOldWebsiteTest\vendor\laravel\framework\src\Illuminate\Database\Connectors\ConnectionFactory.php(57): Illuminate\Database\Connectors\MySqlConnector->connect(Array)
#3 C:\wamp\www\validate\validateOldWebsiteTest\vendor\laravel\framework\src\Illuminate\Database\Connectors\ConnectionFactory.php(46): Illuminate\Database\Connectors\ConnectionFactory->createSingleConnection(Array)
#4 C:\wamp\www\validate\validateOldWebsiteTest\vendor\laravel\framework\src\Illuminate\Database\DatabaseManager.php(176): Illuminate\Database\Connectors\ConnectionFactory->make(Array, 'mysql')
#5 C:\wamp\www\validate\validateOldWebsiteTest\vendor\laravel\framework\src\Illuminate\Database\DatabaseManager.php(64): Illuminate\Database\DatabaseManager->makeConnection('mysql')
#6 C:\wamp\www\validate\validateOldWebsiteTest\vendor\laravel\framework\src\Illuminate\Database\Eloquent\Model.php(2922): Illuminate\Database\DatabaseManager->connection(NULL)
#7 C:\wamp\www\validate\validateOldWebsiteTest\vendor\laravel\framework\src\Illuminate\Database\Eloquent\Model.php(2888): Illuminate\Database\Eloquent\Model::resolveConnection(NULL)
#8 C:\wamp\www\validate\validateOldWebsiteTest\vendor\laravel\framework\src\Illuminate\Database\Eloquent\Model.php(1849): Illuminate\Database\Eloquent\Model->getConnection()
#9 C:\wamp\www\validate\validateOldWebsiteTest\vendor\laravel\framework\src\Illuminate\Database\Eloquent\Model.php(1790): Illuminate\Database\Eloquent\Model->newBaseQueryBuilder()
#10 C:\wamp\www\validate\validateOldWebsiteTest\vendor\laravel\framework\src\Illuminate\Database\Eloquent\Model.php(1764): Illuminate\Database\Eloquent\Model->newQueryWithoutScopes()
#11 C:\wamp\www\validate\validateOldWebsiteTest\vendor\laravel\framework\src\Illuminate\Database\Eloquent\Model.php(3109): Illuminate\Database\Eloquent\Model->newQuery()
#12 [internal function]: Illuminate\Database\Eloquent\Model->__call('where', Array)
#13 [internal function]: Customer->where('user_id', '=', false)
#14 C:\wamp\www\validate\validateOldWebsiteTest\vendor\laravel\framework\src\Illuminate\Database\Eloquent\Model.php(3125): call_user_func_array(Array, Array)
#15 C:\wamp\www\validate\validateOldWebsiteTest\app\controllers\UsersControllers\CustomerController.php(63): Illuminate\Database\Eloquent\Model::__callStatic('where', Array)
#16 C:\wamp\www\validate\validateOldWebsiteTest\app\controllers\UsersControllers\CustomerController.php(63): Customer::where('user_id', '=', false)
#17 [internal function]: CustomerController->create()
#18 C:\wamp\www\validate\validateOldWebsiteTest\vendor\laravel\framework\src\Illuminate\Routing\Controller.php(231): call_user_func_array(Array, Array)
#19 C:\wamp\www\validate\validateOldWebsiteTest\vendor\laravel\framework\src\Illuminate\Routing\ControllerDispatcher.php(93): Illuminate\Routing\Controller->callAction('create', Array)
#20 C:\wamp\www\validate\validateOldWebsiteTest\vendor\laravel\framework\src\Illuminate\Routing\ControllerDispatcher.php(62): Illuminate\Routing\ControllerDispatcher->call(Object(CustomerController), Object(Illuminate\Routing\Route), 'create')
#21 C:\wamp\www\validate\validateOldWebsiteTest\vendor\laravel\framework\src\Illuminate\Routing\Router.php(967): Illuminate\Routing\ControllerDispatcher->dispatch(Object(Illuminate\Routing\Route), Object(Illuminate\Http\Request), 'CustomerControl...', 'create')
#22 [internal function]: Illuminate\Routing\Router->Illuminate\Routing\{closure}()
#23 C:\wamp\www\validate\validateOldWebsiteTest\vendor\laravel\framework\src\Illuminate\Routing\Route.php(109): call_user_func_array(Object(Closure), Array)
#24 C:\wamp\www\validate\validateOldWebsiteTest\vendor\laravel\framework\src\Illuminate\Routing\Router.php(1033): Illuminate\Routing\Route->run(Object(Illuminate\Http\Request))
#25 C:\wamp\www\validate\validateOldWebsiteTest\vendor\laravel\framework\src\Illuminate\Routing\Router.php(1001): Illuminate\Routing\Router->dispatchToRoute(Object(Illuminate\Http\Request))
#26 C:\wamp\www\validate\validateOldWebsiteTest\vendor\laravel\framework\src\Illuminate\Foundation\Application.php(775): Illuminate\Routing\Router->dispatch(Object(Illuminate\Http\Request))
#27 C:\wamp\www\validate\validateOldWebsiteTest\vendor\laravel\framework\src\Illuminate\Foundation\Application.php(745): Illuminate\Foundation\Application->dispatch(Object(Illuminate\Http\Request))
#28 C:\wamp\www\validate\validateOldWebsiteTest\vendor\laravel\framework\src\Illuminate\Session\Middleware.php(72): Illuminate\Foundation\Application->handle(Object(Illuminate\Http\Request), 1, true)
#29 C:\wamp\www\validate\validateOldWebsiteTest\vendor\laravel\framework\src\Illuminate\Cookie\Queue.php(47): Illuminate\Session\Middleware->handle(Object(Illuminate\Http\Request), 1, true)
#30 C:\wamp\www\validate\validateOldWebsiteTest\vendor\laravel\framework\src\Illuminate\Cookie\Guard.php(51): Illuminate\Cookie\Queue->handle(Object(Illuminate\Http\Request), 1, true)
#31 C:\wamp\www\validate\validateOldWebsiteTest\vendor\stack\builder\src\Stack\StackedHttpKernel.php(23): Illuminate\Cookie\Guard->handle(Object(Illuminate\Http\Request), 1, true)
#32 C:\wamp\www\validate\validateOldWebsiteTest\vendor\laravel\framework\src\Illuminate\Foundation\Application.php(641): Stack\StackedHttpKernel->handle(Object(Illuminate\Http\Request))
#33 C:\wamp\www\validate\validateOldWebsiteTest\public\index.php(50): Illuminate\Foundation\Application->run()
#34 {main} [] []
